<?xml version="1.0" encoding="UTF-8"?>
<!-- Generated by org.testng.reporters.JUnitXMLReporter -->
<testsuite ignored="0" hostname="Dbox-D_17090" failures="1" tests="1" name="Test" time="4.265" errors="0" timestamp="2020-10-05T20:06:12 IST">
  <testcase classname="darwinbox.Login" name="login1" time="4.24">
    <failure type="java.lang.NullPointerException">
      <![CDATA[java.lang.NullPointerException
at darwinbox.Login.login1(Login.java:12)
at java.base/java.util.ArrayList.forEach(ArrayList.java:1511)
... Removed 27 stack frames]]>
    </failure>
  </testcase> <!-- login1 -->
</testsuite> <!-- Test -->
